<?xml version="1.0" encoding="UTF-8"?>
<testng-results ignored="0" total="1" passed="1" failed="0" skipped="0">
  <reporter-output>
  </reporter-output>
  <suite started-at="2022-07-28T00:23:54 IST" name="Default suite" finished-at="2022-07-28T00:24:48 IST" duration-ms="54139">
    <groups>
    </groups>
    <test started-at="2022-07-28T00:23:54 IST" name="Default test" finished-at="2022-07-28T00:24:48 IST" duration-ms="54139">
      <class name="edu.Automationlearning.OnWebTables">
        <test-method signature="WebTablesWorking()[pri:0, instance:edu.Automationlearning.OnWebTables@729d991e]" started-at="2022-07-28T00:23:54 IST" name="WebTablesWorking" finished-at="2022-07-28T00:24:48 IST" duration-ms="54061" status="PASS">
          <reporter-output>
          </reporter-output>
        </test-method> <!-- WebTablesWorking -->
      </class> <!-- edu.Automationlearning.OnWebTables -->
    </test> <!-- Default test -->
  </suite> <!-- Default suite -->
</testng-results>
